<?xml version="1.0" encoding="UTF-8"?>
<!-- Generated by org.testng.reporters.JUnitXMLReporter -->
<testsuite ignored="1" hostname="ARIJIT-PC" failures="0" tests="0" time="0.01" errors="0" timestamp="2021-08-11T23:55:10 EDT">
  <testcase classname="ArijitSampleSpicejetSeleniumJava.E2EProject.ValidateNavigationBar" name="@BeforeTest initialize" time="0.011">
    <failure type="java.lang.NullPointerException">
      <![CDATA[java.lang.NullPointerException
at resources.Base.InitializeDriver(Base.java:41)
at ArijitSampleSpicejetSeleniumJava.E2EProject.ValidateNavigationBar.initialize(ValidateNavigationBar.java:28)
at java.base/java.util.concurrent.FutureTask.run(FutureTask.java:264)
at java.base/java.util.concurrent.ThreadPoolExecutor.runWorker(ThreadPoolExecutor.java:1128)
at java.base/java.util.concurrent.ThreadPoolExecutor$Worker.run(ThreadPoolExecutor.java:628)
at java.base/java.lang.Thread.run(Thread.java:834)
... Removed 15 stack frames]]>
    </failure>
  </testcase> <!-- @BeforeTest initialize -->
  <testcase classname="ArijitSampleSpicejetSeleniumJava.E2EProject.ValidateHomePage" name="validateHomePage" time="0.0">
    <ignored/>
  </testcase> <!-- validateHomePage -->
</testsuite>
