<?xml version="1.0" encoding="UTF-8"?>
<!-- Generated by org.testng.reporters.JUnitXMLReporter -->
<testsuite ignored="0" hostname="ARIJIT-PC" failures="0" tests="4" name="Test" time="26.333" errors="0" timestamp="2021-08-11T17:04:15 EDT">
  <testcase classname="ArijitSampleSpicejetSeleniumJava.E2EProject.ValidateHomePage" name="validateHomePage" time="0.053"/>
  <testcase classname="ArijitSampleSpicejetSeleniumJava.E2EProject.ValidateNavigationBar" name="validateHomePage" time="0.055"/>
  <testcase classname="ArijitSampleSpicejetSeleniumJava.E2EProject.HomePage" name="HomePageNavigation" time="7.611"/>
  <testcase classname="ArijitSampleSpicejetSeleniumJava.E2EProject.HomePage" name="HomePageNavigation" time="7.79"/>
</testsuite> <!-- Test -->
