<?xml version="1.0" encoding="UTF-8"?>
<!-- Generated by org.testng.reporters.JUnitXMLReporter -->
<testsuite ignored="0" hostname="ARIJIT-PC" failures="0" tests="2" name="Test2" time="0.057" errors="0" timestamp="2021-08-11T23:55:10 EDT">
  <testcase classname="ArijitSampleSpicejetSeleniumJava.E2EProject.ValidateNavigationBar" name="@BeforeTest initialize" time="0.011">
    <failure type="java.lang.NullPointerException">
      <![CDATA[java.lang.NullPointerException
at resources.Base.InitializeDriver(Base.java:41)
at ArijitSampleSpicejetSeleniumJava.E2EProject.ValidateNavigationBar.initialize(ValidateNavigationBar.java:28)
at java.base/java.util.concurrent.FutureTask.run(FutureTask.java:264)
at java.base/java.util.concurrent.ThreadPoolExecutor.runWorker(ThreadPoolExecutor.java:1128)
at java.base/java.util.concurrent.ThreadPoolExecutor$Worker.run(ThreadPoolExecutor.java:628)
at java.base/java.lang.Thread.run(Thread.java:834)
... Removed 15 stack frames]]>
    </failure>
  </testcase> <!-- @BeforeTest initialize -->
  <testcase classname="ArijitSampleSpicejetSeleniumJava.E2EProject.ValidateNavigationBar" name="@AfterTest teardown" time="-1.628740510519E9">
    <skipped/>
  </testcase> <!-- @AfterTest teardown -->
  <testcase classname="ArijitSampleSpicejetSeleniumJava.E2EProject.Login" name="@AfterTest teardown" time="0.001">
    <failure type="java.lang.NullPointerException">
      <![CDATA[java.lang.NullPointerException
at ArijitSampleSpicejetSeleniumJava.E2EProject.Login.teardown(Login.java:63)
at java.base/java.util.concurrent.FutureTask.run(FutureTask.java:264)
at java.base/java.util.concurrent.ThreadPoolExecutor.runWorker(ThreadPoolExecutor.java:1128)
at java.base/java.util.concurrent.ThreadPoolExecutor$Worker.run(ThreadPoolExecutor.java:628)
at java.base/java.lang.Thread.run(Thread.java:834)
... Removed 15 stack frames]]>
    </failure>
  </testcase> <!-- @AfterTest teardown -->
  <testcase classname="ArijitSampleSpicejetSeleniumJava.E2EProject.ValidateNavigationBar" name="validateHeader" time="0.0">
    <skipped/>
  </testcase> <!-- validateHeader -->
  <testcase classname="ArijitSampleSpicejetSeleniumJava.E2EProject.ValidateNavigationBar" name="validateHomePage" time="0.0">
    <skipped/>
  </testcase> <!-- validateHomePage -->
</testsuite> <!-- Test2 -->
