<?xml version="1.0" encoding="UTF-8"?>
<!-- Generated by org.testng.reporters.JUnitXMLReporter -->
<testsuite ignored="0" hostname="ARIJIT-PC" failures="0" tests="1" name="Test4" time="0.055" errors="0" timestamp="2021-08-11T23:55:10 EDT">
  <testcase classname="ArijitSampleSpicejetSeleniumJava.E2EProject.ForgotPasswordPage" name="@BeforeTest initialize" time="0.01">
    <failure type="java.lang.NullPointerException">
      <![CDATA[java.lang.NullPointerException
at resources.Base.InitializeDriver(Base.java:41)
at ArijitSampleSpicejetSeleniumJava.E2EProject.ForgotPasswordPage.initialize(ForgotPasswordPage.java:31)
at java.base/java.util.concurrent.FutureTask.run(FutureTask.java:264)
at java.base/java.util.concurrent.ThreadPoolExecutor.runWorker(ThreadPoolExecutor.java:1128)
at java.base/java.util.concurrent.ThreadPoolExecutor$Worker.run(ThreadPoolExecutor.java:628)
at java.base/java.lang.Thread.run(Thread.java:834)
... Removed 15 stack frames]]>
    </failure>
  </testcase> <!-- @BeforeTest initialize -->
  <testcase classname="ArijitSampleSpicejetSeleniumJava.E2EProject.ForgotPasswordPage" name="@AfterTest teardown" time="-1.628740510517E9">
    <skipped/>
  </testcase> <!-- @AfterTest teardown -->
  <testcase classname="ArijitSampleSpicejetSeleniumJava.E2EProject.ForgotPasswordPage" name="sendInstruction" time="0.0">
    <skipped/>
  </testcase> <!-- sendInstruction -->
</testsuite> <!-- Test4 -->
