<?xml version="1.0" encoding="UTF-8"?>
<!-- Generated by org.testng.reporters.JUnitXMLReporter -->
<testsuite hostname="ARIJIT-PC" failures="0" tests="2" name="Test2" time="6.09" errors="0" timestamp="12 Aug 2021 16:58:56 GMT">
  <testcase classname="ArijitSampleSpicejetSeleniumJava.E2EProject.ValidateNavigationBar" name="validateHeader" time="0.049"/>
  <testcase classname="ArijitSampleSpicejetSeleniumJava.E2EProject.ValidateNavigationBar" name="validateHomePage" time="0.036"/>
</testsuite> <!-- Test2 -->
