<?xml version="1.0" encoding="UTF-8"?>
<testng-results total="6" passed="6" failed="0" skipped="0">
  <reporter-output>
  </reporter-output>
  <suite started-at="2021-08-12T16:58:50Z" name="Suite" finished-at="2021-08-12T16:59:07Z" duration-ms="16442">
    <groups>
      <group name="Smoke">
        <method signature="ValidateNavigationBar.validateHeader()[pri:0, instance:ArijitSampleSpicejetSeleniumJava.E2EProject.ValidateNavigationBar@52b56a3e]" name="validateHeader" class="ArijitSampleSpicejetSeleniumJava.E2EProject.ValidateNavigationBar"/>
        <method signature="ValidateNavigationBar.validateHomePage()[pri:0, instance:ArijitSampleSpicejetSeleniumJava.E2EProject.ValidateNavigationBar@52b56a3e]" name="validateHomePage" class="ArijitSampleSpicejetSeleniumJava.E2EProject.ValidateNavigationBar"/>
      </group> <!-- Smoke -->
    </groups>
    <test started-at="2021-08-12T16:58:50Z" name="Test2" finished-at="2021-08-12T16:58:56Z" duration-ms="6090">
      <class name="ArijitSampleSpicejetSeleniumJava.E2EProject.ValidateNavigationBar">
        <test-method is-config="true" signature="initialize()[pri:0, instance:ArijitSampleSpicejetSeleniumJava.E2EProject.ValidateNavigationBar@52b56a3e]" started-at="2021-08-12T12:58:50Z" name="initialize" finished-at="2021-08-12T12:58:56Z" duration-ms="5963" status="PASS">
          <reporter-output>
          </reporter-output>
        </test-method> <!-- initialize -->
        <test-method signature="validateHeader()[pri:0, instance:ArijitSampleSpicejetSeleniumJava.E2EProject.ValidateNavigationBar@52b56a3e]" started-at="2021-08-12T12:58:56Z" name="validateHeader" finished-at="2021-08-12T12:58:56Z" duration-ms="49" status="PASS">
          <reporter-output>
          </reporter-output>
        </test-method> <!-- validateHeader -->
        <test-method signature="validateHomePage()[pri:0, instance:ArijitSampleSpicejetSeleniumJava.E2EProject.ValidateNavigationBar@52b56a3e]" started-at="2021-08-12T12:58:56Z" name="validateHomePage" finished-at="2021-08-12T12:58:56Z" duration-ms="36" status="PASS">
          <reporter-output>
          </reporter-output>
        </test-method> <!-- validateHomePage -->
        <test-method is-config="true" signature="teardown()[pri:0, instance:ArijitSampleSpicejetSeleniumJava.E2EProject.ValidateNavigationBar@52b56a3e]" started-at="2021-08-12T12:58:56Z" name="teardown" finished-at="2021-08-12T12:58:56Z" duration-ms="39" status="PASS">
          <reporter-output>
          </reporter-output>
        </test-method> <!-- teardown -->
      </class> <!-- ArijitSampleSpicejetSeleniumJava.E2EProject.ValidateNavigationBar -->
    </test> <!-- Test2 -->
    <test started-at="2021-08-12T16:58:50Z" name="Test1" finished-at="2021-08-12T16:58:56Z" duration-ms="6091">
      <class name="ArijitSampleSpicejetSeleniumJava.E2EProject.ValidateHomePage">
        <test-method is-config="true" signature="initialize()[pri:0, instance:ArijitSampleSpicejetSeleniumJava.E2EProject.ValidateHomePage@72a85671]" started-at="2021-08-12T12:58:50Z" name="initialize" finished-at="2021-08-12T12:58:56Z" duration-ms="5973" status="PASS">
          <reporter-output>
          </reporter-output>
        </test-method> <!-- initialize -->
        <test-method signature="validateHomePage()[pri:0, instance:ArijitSampleSpicejetSeleniumJava.E2EProject.ValidateHomePage@72a85671]" started-at="2021-08-12T12:58:56Z" name="validateHomePage" finished-at="2021-08-12T12:58:56Z" duration-ms="69" status="PASS">
          <reporter-output>
          </reporter-output>
        </test-method> <!-- validateHomePage -->
        <test-method is-config="true" signature="teardown()[pri:0, instance:ArijitSampleSpicejetSeleniumJava.E2EProject.ValidateHomePage@72a85671]" started-at="2021-08-12T12:58:56Z" name="teardown" finished-at="2021-08-12T12:58:56Z" duration-ms="46" status="PASS">
          <reporter-output>
          </reporter-output>
        </test-method> <!-- teardown -->
      </class> <!-- ArijitSampleSpicejetSeleniumJava.E2EProject.ValidateHomePage -->
    </test> <!-- Test1 -->
    <test started-at="2021-08-12T16:58:50Z" name="Test4" finished-at="2021-08-12T16:59:00Z" duration-ms="9371">
      <class name="ArijitSampleSpicejetSeleniumJava.E2EProject.ForgotPasswordPage">
        <test-method is-config="true" signature="initialize()[pri:0, instance:ArijitSampleSpicejetSeleniumJava.E2EProject.ForgotPasswordPage@1a1da881]" started-at="2021-08-12T12:58:50Z" name="initialize" finished-at="2021-08-12T12:58:56Z" duration-ms="6276" status="PASS">
          <reporter-output>
          </reporter-output>
        </test-method> <!-- initialize -->
        <test-method signature="sendInstruction()[pri:0, instance:ArijitSampleSpicejetSeleniumJava.E2EProject.ForgotPasswordPage@1a1da881]" started-at="2021-08-12T12:58:56Z" name="sendInstruction" finished-at="2021-08-12T12:58:59Z" duration-ms="3027" status="PASS">
          <reporter-output>
          </reporter-output>
        </test-method> <!-- sendInstruction -->
        <test-method is-config="true" signature="teardown()[pri:0, instance:ArijitSampleSpicejetSeleniumJava.E2EProject.ForgotPasswordPage@1a1da881]" started-at="2021-08-12T12:58:59Z" name="teardown" finished-at="2021-08-12T12:59:00Z" duration-ms="65" status="PASS">
          <reporter-output>
          </reporter-output>
        </test-method> <!-- teardown -->
      </class> <!-- ArijitSampleSpicejetSeleniumJava.E2EProject.ForgotPasswordPage -->
    </test> <!-- Test4 -->
    <test started-at="2021-08-12T16:58:50Z" name="Test3" finished-at="2021-08-12T16:59:07Z" duration-ms="16442">
      <class name="ArijitSampleSpicejetSeleniumJava.E2EProject.Login">
        <test-method signature="HomePageNavigation(java.lang.String, java.lang.String)[pri:0, instance:ArijitSampleSpicejetSeleniumJava.E2EProject.Login@625e134e]" started-at="2021-08-12T12:58:50Z" name="HomePageNavigation" data-provider="getData" finished-at="2021-08-12T12:58:59Z" duration-ms="8908" status="PASS">
          <params>
            <param index="0">
              <value>
                <![CDATA[arijit05saha@gmail.com]]>
              </value>
            </param>
            <param index="1">
              <value>
                <![CDATA[asdf1234]]>
              </value>
            </param>
          </params>
          <reporter-output>
          </reporter-output>
        </test-method> <!-- HomePageNavigation -->
        <test-method signature="HomePageNavigation(java.lang.String, java.lang.String)[pri:0, instance:ArijitSampleSpicejetSeleniumJava.E2EProject.Login@625e134e]" started-at="2021-08-12T12:58:59Z" name="HomePageNavigation" data-provider="getData" finished-at="2021-08-12T12:59:07Z" duration-ms="7480" status="PASS">
          <params>
            <param index="0">
              <value>
                <![CDATA[asphotos123@gmail.com]]>
              </value>
            </param>
            <param index="1">
              <value>
                <![CDATA[asdf12345]]>
              </value>
            </param>
          </params>
          <reporter-output>
          </reporter-output>
        </test-method> <!-- HomePageNavigation -->
        <test-method is-config="true" signature="teardown()[pri:0, instance:ArijitSampleSpicejetSeleniumJava.E2EProject.Login@625e134e]" started-at="2021-08-12T12:59:07Z" name="teardown" finished-at="2021-08-12T12:59:07Z" duration-ms="45" status="PASS">
          <reporter-output>
          </reporter-output>
        </test-method> <!-- teardown -->
      </class> <!-- ArijitSampleSpicejetSeleniumJava.E2EProject.Login -->
    </test> <!-- Test3 -->
  </suite> <!-- Suite -->
</testng-results>
