<?xml version="1.0" encoding="UTF-8"?>
<testsuite xmlns:xsi="http://www.w3.org/2001/XMLSchema-instance" xsi:noNamespaceSchemaLocation="https://maven.apache.org/surefire/maven-surefire-plugin/xsd/surefire-test-report-3.0.xsd" version="3.0" name="TestSuite" time="17.654" tests="6" errors="0" skipped="0" failures="0">
  <properties>
[...]
</properties>
  <testcase name="validateHeader" classname="ArijitSampleSpicejetSeleniumJava.E2EProject.ValidateNavigationBar" time="0.012">
    <system-out><![CDATA[Browser Name = chrome-headless
Browser Name = chrome-headless
Browser Name = chrome-headless
Browser Name = chrome-headless
]]></system-out>
    <system-err><![CDATA[Starting ChromeDriver 92.0.4515.43 (8c61b7e2989f299S0tda4r2tf8i5n9cga cC71h3r1o91m3e7D7ri8v7ecrce -9re2f.s0/.b4r5a1n5.c43 h-(h8eca6d1sb/475e21958@9{f#2390960}d4)2f 8o5n9 Scptaaocrrtt7i 1n330g 118C2h9r
o1Om3en7lD7yr i8lv7oecrca cl9 2e.c-o0rn.enf4es5/c1bt5r.ia4on3 cn(hs8-c 6ha1rebae7ed 2sa9l/89l4fo52w91e950d@d.4{2
f#8P35l09ec6aa}cs7e1)3  1s91e3o7n7e 8p7 ochrctett- rp3efs6s7:/1b/8r/acn
chOhrn-lohyem aleddso/cr4ai5lv1 5ce@or{n.n#ec3cht0ir6o}on)s m oianru emp .oaorlrtlg o/1w9se3ed7.c3u

rPiOltneyla-ysc eloocn als siecdoeerna ntheicttotinposns sf: oa/rr/ ec sahulrgloogmweeesddrt.ivi
eoPrnl.esca hsoren os mekeie uhetmtp.piso:nr/gg/ c/hCsrhoermcoedmurreiviDetrr.iycv-hrecoomrin usms.iaorfdg/ese.ercautr
iitoyn-sc ofnosri dseurgagteisotniso nfso ro ns ukgegeepstinigo nCshromeD roinve rk eespaifneg. Ch
romeDriver safe.
Starting ChromeDriver 92C.hr0o.me4D5ri1ve5r. w4a3s  s(ta8rtce6d 1sbu7cce29es8sf9ulfly2.9
90d42f85C9hcraocm7e1D3r1iv9e1r3 7w78a7sc sctea-rrteed sfucsc/ebssrfancuhl-lyh.eads/
4515@{#306}) on port 39981
Only local connections are allowed.
Please see https://chromedriver.chromium.org/security-considerations for suggestions on keeping ChromeDriver safeC.h
romeDriver was started successfully.
ChromeDriver was started successfully.
Aug 12, 2021 12:58:52 PM org.openqa.selenium.remote.ProtocolHandshake createSession
INFO: Detected dialect: W3C
Aug 12, 2021 12:58:52 PM org.openqa.selenium.remote.ProtocolHandshake createSession
INFO: Detected dialect: W3C
Aug 12, 2021 12:58:52 PM org.openqa.selenium.remote.ProtocolHandshake createSession
INFO: Detected dialect: W3C
Aug 12, 2021 12:58:52 PM org.openqa.selenium.remote.ProtocolHandshake createSession
INFO: Detected dialect: W3C
]]></system-err>
  </testcase>
  <testcase name="validateHomePage" classname="ArijitSampleSpicejetSeleniumJava.E2EProject.ValidateNavigationBar" time="0.034"/>
  <testcase name="validateHomePage" classname="ArijitSampleSpicejetSeleniumJava.E2EProject.ValidateHomePage" time="0.026"/>
  <testcase name="HomePageNavigation[arijit05saha@gmail.com, asdf1234](1)" classname="ArijitSampleSpicejetSeleniumJava.E2EProject.Login" time="2.639"/>
  <testcase name="HomePageNavigation[asphotos123@gmail.com, asdf12345](2)" classname="ArijitSampleSpicejetSeleniumJava.E2EProject.Login" time="7.483">
    <system-err><![CDATA[Aug 12, 2021 12:59:00 PM org.openqa.selenium.remote.ProtocolHandshake createSession
INFO: Detected dialect: W3C
]]></system-err>
  </testcase>
  <testcase name="sendInstruction" classname="ArijitSampleSpicejetSeleniumJava.E2EProject.ForgotPasswordPage" time="0.466">
    <system-out><![CDATA[Browser Name = chrome-headless
]]></system-out>
    <system-err><![CDATA[Starting ChromeDriver 92.0.4515.43 (8c61b7e2989f2990d42f859cac71319137787cce-refs/branch-heads/4515@{#306}) on port 43671
Only local connections are allowed.
Please see https://chromedriver.chromium.org/security-considerations for suggestions on keeping ChromeDriver safe.
ChromeDriver was started successfully.
]]></system-err>
  </testcase>
</testsuite>